<?xml version="1.0" encoding="UTF-8"?>
<!-- Generated by org.testng.reporters.JUnitReportReporter -->
<testsuite hostname="WKWZTZGn66Arayh" failures="0" tests="1" name="SumValidation" time="0.964" errors="0" timestamp="2022-05-18T11:18:48 IST" skipped="0">
  <testcase classname="SumValidation" name="sumOfCourse" time="0.964"/>
  <system-out/>
</testsuite> <!-- SumValidation -->
