<?xml version="1.0" encoding="UTF-8"?>
<!-- Generated by org.testng.reporters.JUnitReportReporter -->
<testsuite hostname="WKWZTZGn66Arayh" failures="0" tests="3" name="DynamicJson" time="1.667" errors="0" timestamp="2022-05-19T12:45:33 IST" skipped="0">
  <testcase classname="DynamicJson" name="addBook" time="0.085"/>
  <system-out/>
  <testcase classname="DynamicJson" name="getBookDetails" time="0.144"/>
  <system-out/>
  <testcase classname="DynamicJson" name="addBook" time="1.438"/>
  <system-out/>
</testsuite> <!-- DynamicJson -->
